Using pre-set license
Built from '2020.3/staging' branch; Version is '2020.3.19f1 (68f137dc9bbe) revision 6877495'; Using compiler version '192528614'; Build Type 'Release'
OS: 'Windows 10 Home; OS build 19043.1237; Version 2009; 64bit' Language: 'en' Physical Memory: 16250 MB
BatchMode: 1, IsHumanControllingUs: 0, StartBugReporterOnCrash: 0, Is64bit: 1, IsPro: 0

COMMAND LINE ARGUMENTS:
C:\Program Files\Unity\Hub\Editor\2020.3.19f1\Editor\Unity.exe
-adb2
-batchMode
-noUpm
-name
AssetImportWorker0
-projectPath
D:/FYP DATA/40% Work/Hall of Warriors
-logFile
Logs/AssetImportWorker0.log
-srvPort
1079
Successfully changed project path to: D:/FYP DATA/40% Work/Hall of Warriors
D:/FYP DATA/40% Work/Hall of Warriors
Using Asset Import Pipeline V2.
Refreshing native plugins compatible for Editor in 86.21 ms, found 1 plugins.
Preloading 0 native plugins for Editor in 0.00 ms.
Initialize engine version: 2020.3.19f1 (68f137dc9bbe)
[Subsystems] Discovering subsystems at path C:/Program Files/Unity/Hub/Editor/2020.3.19f1/Editor/Data/Resources/UnitySubsystems
[Subsystems] Discovering subsystems at path D:/FYP DATA/40% Work/Hall of Warriors/Assets
GfxDevice: creating device client; threaded=0
Direct3D:
    Version:  Direct3D 11.0 [level 11.1]
    Renderer: NVIDIA GeForce GTX 1050 Ti (ID=0x1c8c)
    Vendor:   
    VRAM:     4018 MB
    Driver:   27.21.14.5206
Initialize mono
Mono path[0] = 'C:/Program Files/Unity/Hub/Editor/2020.3.19f1/Editor/Data/Managed'
Mono path[1] = 'C:/Program Files/Unity/Hub/Editor/2020.3.19f1/Editor/Data/MonoBleedingEdge/lib/mono/unityjit'
Mono config path = 'C:/Program Files/Unity/Hub/Editor/2020.3.19f1/Editor/Data/MonoBleedingEdge/etc'
Using monoOptions --debugger-agent=transport=dt_socket,embedding=1,server=y,suspend=n,address=127.0.0.1:56840
Begin MonoManager ReloadAssembly
Registering precompiled unity dll's ...
Register platform support module: C:/Program Files/Unity/Hub/Editor/2020.3.19f1/Editor/Data/PlaybackEngines/WindowsStandaloneSupport/UnityEditor.WindowsStandalone.Extensions.dll
Registered in 0.002364 seconds.
Native extension for WindowsStandalone target not found
Refreshing native plugins compatible for Editor in 119.62 ms, found 1 plugins.
Preloading 0 native plugins for Editor in 0.00 ms.
Mono: successfully reloaded assembly
- Completed reload, in  2.220 seconds
Domain Reload Profiling:
	ReloadAssembly (2221ms)
		BeginReloadAssembly (72ms)
			ExecutionOrderSort (0ms)
			DisableScriptedObjects (0ms)
			BackupInstance (0ms)
			ReleaseScriptingObjects (0ms)
			CreateAndSetChildDomain (1ms)
		EndReloadAssembly (548ms)
			LoadAssemblies (69ms)
			RebuildTransferFunctionScriptingTraits (0ms)
			SetupTypeCache (171ms)
			ReleaseScriptCaches (0ms)
			RebuildScriptCaches (36ms)
			SetupLoadedEditorAssemblies (262ms)
				LogAssemblyErrors (0ms)
				InitializePlatformSupportModulesInManaged (5ms)
				SetLoadedEditorAssemblies (0ms)
				RefreshPlugins (120ms)
				BeforeProcessingInitializeOnLoad (19ms)
				ProcessInitializeOnLoadAttributes (87ms)
				ProcessInitializeOnLoadMethodAttributes (31ms)
				AfterProcessingInitializeOnLoad (0ms)
				EditorAssembliesLoaded (0ms)
			ExecutionOrderSort2 (0ms)
			AwakeInstancesAfterBackupRestoration (0ms)
Platform modules already initialized, skipping
Registering precompiled user dll's ...
Registered in 0.002478 seconds.
Begin MonoManager ReloadAssembly
Native extension for WindowsStandalone target not found
Refreshing native plugins compatible for Editor in 0.51 ms, found 1 plugins.
Preloading 0 native plugins for Editor in 0.00 ms.
Mono: successfully reloaded assembly
- Completed reload, in  1.083 seconds
Domain Reload Profiling:
	ReloadAssembly (1084ms)
		BeginReloadAssembly (170ms)
			ExecutionOrderSort (0ms)
			DisableScriptedObjects (5ms)
			BackupInstance (0ms)
			ReleaseScriptingObjects (0ms)
			CreateAndSetChildDomain (22ms)
		EndReloadAssembly (841ms)
			LoadAssemblies (100ms)
			RebuildTransferFunctionScriptingTraits (0ms)
			SetupTypeCache (290ms)
			ReleaseScriptCaches (1ms)
			RebuildScriptCaches (59ms)
			SetupLoadedEditorAssemblies (287ms)
				LogAssemblyErrors (0ms)
				InitializePlatformSupportModulesInManaged (6ms)
				SetLoadedEditorAssemblies (0ms)
				RefreshPlugins (1ms)
				BeforeProcessingInitializeOnLoad (124ms)
				ProcessInitializeOnLoadAttributes (141ms)
				ProcessInitializeOnLoadMethodAttributes (6ms)
				AfterProcessingInitializeOnLoad (8ms)
				EditorAssembliesLoaded (0ms)
			ExecutionOrderSort2 (0ms)
			AwakeInstancesAfterBackupRestoration (8ms)
Platform modules already initialized, skipping
========================================================================
Worker process is ready to serve import requests
Launched and connected shader compiler UnityShaderCompiler.exe after 0.09 seconds
Refreshing native plugins compatible for Editor in 0.55 ms, found 1 plugins.
Preloading 0 native plugins for Editor in 0.00 ms.
Unloading 2720 Unused Serialized files (Serialized files now loaded: 0)
System memory in use before: 101.6 MB.
System memory in use after: 101.8 MB.

Unloading 14 unused Assets to reduce memory usage. Loaded Objects now: 3164.
Total: 3.486200 ms (FindLiveObjects: 0.446600 ms CreateObjectMapping: 0.347500 ms MarkObjects: 2.545500 ms  DeleteObjects: 0.145400 ms)

AssetImportParameters requested are different than current active one (requested -> active):
  custom:framework-win-MediaFoundation: 216162199b28c13a410421893ffa2e32 -> 
  custom:video-decoder-ogg-theora: a1e56fd34408186e4bbccfd4996cb3dc -> 
  custom:container-muxer-webm: aa71ff27fc2769a1b78a27578f13a17b -> 
  custom:container-demuxer-webm: 4f35f7cbe854078d1ac9338744f61a02 -> 
  custom:container-demuxer-ogg: 62fdf1f143b41e24485cea50d1cbac27 -> 
  custom:video-encoder-webm-vp8: eb34c28f22e8b96e1ab97ce403110664 -> 
  custom:video-decoder-webm-vp8: 9c59270c3fd7afecdb556c50c9e8de78 -> 
  custom:audio-decoder-ogg-vorbis: bf7c407c2cedff20999df2af8eb42d56 -> 
  custom:audio-encoder-webm-vorbis: bf7c407c2cedff20999df2af8eb42d56 -> 
========================================================================
Received Import Request.
  path: Assets/Environment/Scene/rpgpp_lt_scene_1.0Settings.lighting
  artifactKey: Guid(9f0ecef392f8e8f4b9f73443f191ea59) Importer(815301076,1909f56bfc062723c751e8b465ee728b)
Start importing Assets/Environment/Scene/rpgpp_lt_scene_1.0Settings.lighting using Guid(9f0ecef392f8e8f4b9f73443f191ea59) Importer(815301076,1909f56bfc062723c751e8b465ee728b) LightingSettings: switching bake backend from 1 to 0.
 -> (artifact id: '29c243944e9d58556082acd1c5296a08') in 0.041177 seconds 
  Import took 0.048694 seconds .

========================================================================
Received Import Request.
  Time since last request: 0.000341 seconds.
  path: Assets/Environment/Scene/Environment Scene.unity
  artifactKey: Guid(d2809ab9b90eea7419d8d90d4c505d35) Importer(815301076,1909f56bfc062723c751e8b465ee728b)
Start importing Assets/Environment/Scene/Environment Scene.unity using Guid(d2809ab9b90eea7419d8d90d4c505d35) Importer(815301076,1909f56bfc062723c751e8b465ee728b)  -> (artifact id: '2457453a428522023482d376314ff08c') in 0.011120 seconds 
  Import took 0.018222 seconds .

========================================================================
Received Import Request.
  Time since last request: 85.413074 seconds.
  path: Assets/FST/Gladiators Low Poly Arena/_DemoScene.unity
  artifactKey: Guid(93b77105f9661be4484a78c6a214e8c1) Importer(815301076,1909f56bfc062723c751e8b465ee728b)
Start importing Assets/FST/Gladiators Low Poly Arena/_DemoScene.unity using Guid(93b77105f9661be4484a78c6a214e8c1) Importer(815301076,1909f56bfc062723c751e8b465ee728b)  -> (artifact id: '81fd8301efd5f3e79ac2254c31f698f7') in 0.011525 seconds 
  Import took 0.018812 seconds .

========================================================================
Received Import Request.
  Time since last request: 19.984715 seconds.
  path: Assets/FST/Gladiators Low Poly Arena/Galdiator Arena.unity
  artifactKey: Guid(93b77105f9661be4484a78c6a214e8c1) Importer(815301076,1909f56bfc062723c751e8b465ee728b)
Start importing Assets/FST/Gladiators Low Poly Arena/Galdiator Arena.unity using Guid(93b77105f9661be4484a78c6a214e8c1) Importer(815301076,1909f56bfc062723c751e8b465ee728b)  -> (artifact id: '1fc52607e8eb4c3301c54352e27c8b46') in 0.011482 seconds 
  Import took 0.017360 seconds .

========================================================================
Received Import Request.
  Time since last request: 343.340479 seconds.
  path: Assets/Scripts/SceneLoaderCharacterSelection.cs
  artifactKey: Guid(e547d4a7700ae1b459698224de0c216f) Importer(815301076,1909f56bfc062723c751e8b465ee728b)
Start importing Assets/Scripts/SceneLoaderCharacterSelection.cs using Guid(e547d4a7700ae1b459698224de0c216f) Importer(815301076,1909f56bfc062723c751e8b465ee728b)  -> (artifact id: '574964f70c0789bfa37e41102e6d12ca') in 0.033268 seconds 
  Import took 0.038386 seconds .

========================================================================
Received Import Request.
  Time since last request: 1.674414 seconds.
  path: Assets/Scripts/SceneLoaderLoadGame.cs
  artifactKey: Guid(c9c3b0d5419a1c447a3720a0e329dcb9) Importer(815301076,1909f56bfc062723c751e8b465ee728b)
Start importing Assets/Scripts/SceneLoaderLoadGame.cs using Guid(c9c3b0d5419a1c447a3720a0e329dcb9) Importer(815301076,1909f56bfc062723c751e8b465ee728b)  -> (artifact id: '089a2d5d4ed53a6f2947a3c2a4b809e3') in 0.437242 seconds 
  Import took 0.442461 seconds .

========================================================================
Received Import Request.
  Time since last request: 1.669590 seconds.
  path: Assets/Scripts/SceneLoaderNewGame.cs
  artifactKey: Guid(19d80085e1725fb4a88a90572536890e) Importer(815301076,1909f56bfc062723c751e8b465ee728b)
Start importing Assets/Scripts/SceneLoaderNewGame.cs using Guid(19d80085e1725fb4a88a90572536890e) Importer(815301076,1909f56bfc062723c751e8b465ee728b)  -> (artifact id: '2406cf6ece1bc979c4e84c8a86746ed9') in 0.010252 seconds 
  Import took 0.052821 seconds .

========================================================================
Received Prepare
Registering precompiled user dll's ...
Registered in 0.002656 seconds.
Begin MonoManager ReloadAssembly
Native extension for WindowsStandalone target not found
Refreshing native plugins compatible for Editor in 0.63 ms, found 1 plugins.
Preloading 0 native plugins for Editor in 0.00 ms.
Mono: successfully reloaded assembly
- Completed reload, in  1.001 seconds
Domain Reload Profiling:
	ReloadAssembly (1002ms)
		BeginReloadAssembly (131ms)
			ExecutionOrderSort (0ms)
			DisableScriptedObjects (5ms)
			BackupInstance (0ms)
			ReleaseScriptingObjects (0ms)
			CreateAndSetChildDomain (34ms)
		EndReloadAssembly (799ms)
			LoadAssemblies (103ms)
			RebuildTransferFunctionScriptingTraits (0ms)
			SetupTypeCache (281ms)
			ReleaseScriptCaches (1ms)
			RebuildScriptCaches (43ms)
			SetupLoadedEditorAssemblies (261ms)
				LogAssemblyErrors (0ms)
				InitializePlatformSupportModulesInManaged (6ms)
				SetLoadedEditorAssemblies (1ms)
				RefreshPlugins (1ms)
				BeforeProcessingInitializeOnLoad (104ms)
				ProcessInitializeOnLoadAttributes (136ms)
				ProcessInitializeOnLoadMethodAttributes (5ms)
				AfterProcessingInitializeOnLoad (8ms)
				EditorAssembliesLoaded (0ms)
			ExecutionOrderSort2 (0ms)
			AwakeInstancesAfterBackupRestoration (7ms)
Platform modules already initialized, skipping
Refreshing native plugins compatible for Editor in 0.55 ms, found 1 plugins.
Preloading 0 native plugins for Editor in 0.00 ms.
Unloading 2701 Unused Serialized files (Serialized files now loaded: 0)
System memory in use before: 100.2 MB.
System memory in use after: 100.4 MB.

Unloading 9 unused Assets to reduce memory usage. Loaded Objects now: 3167.
Total: 2.884400 ms (FindLiveObjects: 0.401300 ms CreateObjectMapping: 0.120600 ms MarkObjects: 2.316700 ms  DeleteObjects: 0.045000 ms)

AssetImportParameters requested are different than current active one (requested -> active):
  custom:framework-win-MediaFoundation: 216162199b28c13a410421893ffa2e32 -> 
  custom:video-decoder-ogg-theora: a1e56fd34408186e4bbccfd4996cb3dc -> 
  custom:container-muxer-webm: aa71ff27fc2769a1b78a27578f13a17b -> 
  custom:container-demuxer-webm: 4f35f7cbe854078d1ac9338744f61a02 -> 
  custom:container-demuxer-ogg: 62fdf1f143b41e24485cea50d1cbac27 -> 
  custom:video-encoder-webm-vp8: eb34c28f22e8b96e1ab97ce403110664 -> 
  custom:video-decoder-webm-vp8: 9c59270c3fd7afecdb556c50c9e8de78 -> 
  custom:audio-decoder-ogg-vorbis: bf7c407c2cedff20999df2af8eb42d56 -> 
  custom:audio-encoder-webm-vorbis: bf7c407c2cedff20999df2af8eb42d56 -> 
========================================================================
Received Prepare
Registering precompiled user dll's ...
Registered in 0.002427 seconds.
Begin MonoManager ReloadAssembly
Native extension for WindowsStandalone target not found
Refreshing native plugins compatible for Editor in 0.61 ms, found 1 plugins.
Preloading 0 native plugins for Editor in 0.00 ms.
Mono: successfully reloaded assembly
- Completed reload, in  1.057 seconds
Domain Reload Profiling:
	ReloadAssembly (1057ms)
		BeginReloadAssembly (134ms)
			ExecutionOrderSort (0ms)
			DisableScriptedObjects (4ms)
			BackupInstance (0ms)
			ReleaseScriptingObjects (0ms)
			CreateAndSetChildDomain (32ms)
		EndReloadAssembly (844ms)
			LoadAssemblies (108ms)
			RebuildTransferFunctionScriptingTraits (0ms)
			SetupTypeCache (312ms)
			ReleaseScriptCaches (1ms)
			RebuildScriptCaches (45ms)
			SetupLoadedEditorAssemblies (257ms)
				LogAssemblyErrors (0ms)
				InitializePlatformSupportModulesInManaged (6ms)
				SetLoadedEditorAssemblies (1ms)
				RefreshPlugins (1ms)
				BeforeProcessingInitializeOnLoad (104ms)
				ProcessInitializeOnLoadAttributes (132ms)
				ProcessInitializeOnLoadMethodAttributes (5ms)
				AfterProcessingInitializeOnLoad (8ms)
				EditorAssembliesLoaded (0ms)
			ExecutionOrderSort2 (0ms)
			AwakeInstancesAfterBackupRestoration (8ms)
Platform modules already initialized, skipping
Refreshing native plugins compatible for Editor in 1.43 ms, found 1 plugins.
Preloading 0 native plugins for Editor in 0.00 ms.
Unloading 2701 Unused Serialized files (Serialized files now loaded: 0)
System memory in use before: 100.2 MB.
System memory in use after: 100.4 MB.

Unloading 9 unused Assets to reduce memory usage. Loaded Objects now: 3170.
Total: 4.812200 ms (FindLiveObjects: 0.710700 ms CreateObjectMapping: 0.312200 ms MarkObjects: 3.757100 ms  DeleteObjects: 0.029800 ms)

AssetImportParameters requested are different than current active one (requested -> active):
  custom:framework-win-MediaFoundation: 216162199b28c13a410421893ffa2e32 -> 
  custom:video-decoder-ogg-theora: a1e56fd34408186e4bbccfd4996cb3dc -> 
  custom:container-muxer-webm: aa71ff27fc2769a1b78a27578f13a17b -> 
  custom:container-demuxer-webm: 4f35f7cbe854078d1ac9338744f61a02 -> 
  custom:container-demuxer-ogg: 62fdf1f143b41e24485cea50d1cbac27 -> 
  custom:video-encoder-webm-vp8: eb34c28f22e8b96e1ab97ce403110664 -> 
  custom:video-decoder-webm-vp8: 9c59270c3fd7afecdb556c50c9e8de78 -> 
  custom:audio-decoder-ogg-vorbis: bf7c407c2cedff20999df2af8eb42d56 -> 
  custom:audio-encoder-webm-vorbis: bf7c407c2cedff20999df2af8eb42d56 -> 
========================================================================
Received Import Request.
  Time since last request: 262.060348 seconds.
  path: Assets/Scripts/SceneLoaderNewGame.cs
  artifactKey: Guid(19d80085e1725fb4a88a90572536890e) Importer(815301076,1909f56bfc062723c751e8b465ee728b)
Start importing Assets/Scripts/SceneLoaderNewGame.cs using Guid(19d80085e1725fb4a88a90572536890e) Importer(815301076,1909f56bfc062723c751e8b465ee728b)  -> (artifact id: 'caad16b2320ad09175ff45e3ff72ab5a') in 0.012490 seconds 
  Import took 0.019315 seconds .

========================================================================
Received Import Request.
  Time since last request: 1.719948 seconds.
  path: Assets/Scripts/SceneLoaderSettings.cs
  artifactKey: Guid(a70686fb25877f54ab720dd65c74e292) Importer(815301076,1909f56bfc062723c751e8b465ee728b)
Start importing Assets/Scripts/SceneLoaderSettings.cs using Guid(a70686fb25877f54ab720dd65c74e292) Importer(815301076,1909f56bfc062723c751e8b465ee728b)  -> (artifact id: '6e77a90a5c9554855a51b6ee4322852c') in 0.010389 seconds 
  Import took 0.018425 seconds .

========================================================================
Received Import Request.
  Time since last request: 0.527066 seconds.
  path: Assets/Scripts/SceneLoaderStartMenu.cs
  artifactKey: Guid(d10b03a589cf954459c7fa1c43e57fc4) Importer(815301076,1909f56bfc062723c751e8b465ee728b)
Start importing Assets/Scripts/SceneLoaderStartMenu.cs using Guid(d10b03a589cf954459c7fa1c43e57fc4) Importer(815301076,1909f56bfc062723c751e8b465ee728b)  -> (artifact id: 'fcfb3f049fd6303b329564acd8783643') in 0.011324 seconds 
  Import took 0.017889 seconds .

========================================================================
Received Import Request.
  Time since last request: 30.864211 seconds.
  path: Assets/Scripts/SceneLoaderStory.cs
  artifactKey: Guid(d4ac21f8c76657643a9205f430a7f2bf) Importer(815301076,1909f56bfc062723c751e8b465ee728b)
Start importing Assets/Scripts/SceneLoaderStory.cs using Guid(d4ac21f8c76657643a9205f430a7f2bf) Importer(815301076,1909f56bfc062723c751e8b465ee728b)  -> (artifact id: '69f36d5bc8595c4f5e2a367e267b4c66') in 0.009278 seconds 
  Import took 0.017042 seconds .

========================================================================
Received Import Request.
  Time since last request: 4.986034 seconds.
  path: Assets/Scripts/SceneLoaderVersus.cs
  artifactKey: Guid(6c40642bc8a9dcb4283b43b8e34649c7) Importer(815301076,1909f56bfc062723c751e8b465ee728b)
Start importing Assets/Scripts/SceneLoaderVersus.cs using Guid(6c40642bc8a9dcb4283b43b8e34649c7) Importer(815301076,1909f56bfc062723c751e8b465ee728b)  -> (artifact id: '1e8f57c23475a9592f0e8267d10ffe5a') in 0.009385 seconds 
  Import took 0.016568 seconds .

========================================================================
Received Import Request.
  Time since last request: 59.460521 seconds.
  path: Assets/Scripts/SceneLoaderNewGame.cs
  artifactKey: Guid(19d80085e1725fb4a88a90572536890e) Importer(815301076,1909f56bfc062723c751e8b465ee728b)
Start importing Assets/Scripts/SceneLoaderNewGame.cs using Guid(19d80085e1725fb4a88a90572536890e) Importer(815301076,1909f56bfc062723c751e8b465ee728b)  -> (artifact id: '8c2b14acd1bfab0de15d1256b72ce04b') in 0.003471 seconds 
  Import took 0.008601 seconds .

========================================================================
Received Prepare
Registering precompiled user dll's ...
Registered in 0.002761 seconds.
Begin MonoManager ReloadAssembly
Native extension for WindowsStandalone target not found
Refreshing native plugins compatible for Editor in 0.81 ms, found 1 plugins.
Preloading 0 native plugins for Editor in 0.00 ms.
Mono: successfully reloaded assembly
- Completed reload, in  1.037 seconds
Domain Reload Profiling:
	ReloadAssembly (1037ms)
		BeginReloadAssembly (115ms)
			ExecutionOrderSort (0ms)
			DisableScriptedObjects (4ms)
			BackupInstance (0ms)
			ReleaseScriptingObjects (0ms)
			CreateAndSetChildDomain (32ms)
		EndReloadAssembly (843ms)
			LoadAssemblies (101ms)
			RebuildTransferFunctionScriptingTraits (0ms)
			SetupTypeCache (305ms)
			ReleaseScriptCaches (1ms)
			RebuildScriptCaches (50ms)
			SetupLoadedEditorAssemblies (268ms)
				LogAssemblyErrors (0ms)
				InitializePlatformSupportModulesInManaged (7ms)
				SetLoadedEditorAssemblies (1ms)
				RefreshPlugins (1ms)
				BeforeProcessingInitializeOnLoad (104ms)
				ProcessInitializeOnLoadAttributes (141ms)
				ProcessInitializeOnLoadMethodAttributes (5ms)
				AfterProcessingInitializeOnLoad (9ms)
				EditorAssembliesLoaded (0ms)
			ExecutionOrderSort2 (0ms)
			AwakeInstancesAfterBackupRestoration (9ms)
Platform modules already initialized, skipping
Refreshing native plugins compatible for Editor in 0.63 ms, found 1 plugins.
Preloading 0 native plugins for Editor in 0.00 ms.
Unloading 2701 Unused Serialized files (Serialized files now loaded: 0)
System memory in use before: 100.2 MB.
System memory in use after: 100.5 MB.

Unloading 9 unused Assets to reduce memory usage. Loaded Objects now: 3173.
Total: 3.424600 ms (FindLiveObjects: 0.285300 ms CreateObjectMapping: 0.139200 ms MarkObjects: 2.953800 ms  DeleteObjects: 0.045100 ms)

AssetImportParameters requested are different than current active one (requested -> active):
  custom:framework-win-MediaFoundation: 216162199b28c13a410421893ffa2e32 -> 
  custom:video-decoder-ogg-theora: a1e56fd34408186e4bbccfd4996cb3dc -> 
  custom:container-muxer-webm: aa71ff27fc2769a1b78a27578f13a17b -> 
  custom:container-demuxer-webm: 4f35f7cbe854078d1ac9338744f61a02 -> 
  custom:container-demuxer-ogg: 62fdf1f143b41e24485cea50d1cbac27 -> 
  custom:video-encoder-webm-vp8: eb34c28f22e8b96e1ab97ce403110664 -> 
  custom:video-decoder-webm-vp8: 9c59270c3fd7afecdb556c50c9e8de78 -> 
  custom:audio-decoder-ogg-vorbis: bf7c407c2cedff20999df2af8eb42d56 -> 
  custom:audio-encoder-webm-vorbis: bf7c407c2cedff20999df2af8eb42d56 -> 
========================================================================
Received Prepare
Registering precompiled user dll's ...
Registered in 0.002343 seconds.
Begin MonoManager ReloadAssembly
Native extension for WindowsStandalone target not found
Refreshing native plugins compatible for Editor in 0.56 ms, found 1 plugins.
Preloading 0 native plugins for Editor in 0.00 ms.
Mono: successfully reloaded assembly
- Completed reload, in  1.356 seconds
Domain Reload Profiling:
	ReloadAssembly (1357ms)
		BeginReloadAssembly (161ms)
			ExecutionOrderSort (0ms)
			DisableScriptedObjects (7ms)
			BackupInstance (0ms)
			ReleaseScriptingObjects (0ms)
			CreateAndSetChildDomain (44ms)
		EndReloadAssembly (1096ms)
			LoadAssemblies (142ms)
			RebuildTransferFunctionScriptingTraits (0ms)
			SetupTypeCache (449ms)
			ReleaseScriptCaches (2ms)
			RebuildScriptCaches (73ms)
			SetupLoadedEditorAssemblies (270ms)
				LogAssemblyErrors (0ms)
				InitializePlatformSupportModulesInManaged (5ms)
				SetLoadedEditorAssemblies (0ms)
				RefreshPlugins (1ms)
				BeforeProcessingInitializeOnLoad (105ms)
				ProcessInitializeOnLoadAttributes (144ms)
				ProcessInitializeOnLoadMethodAttributes (6ms)
				AfterProcessingInitializeOnLoad (8ms)
				EditorAssembliesLoaded (0ms)
			ExecutionOrderSort2 (0ms)
			AwakeInstancesAfterBackupRestoration (8ms)
Platform modules already initialized, skipping
Switching build target platform(19) subTarget(0) extendedPlatform(0) -> platform(13) subTarget(537395200) extendedPlatform(0)
Refreshing native plugins compatible for Editor in 0.54 ms, found 1 plugins.
Preloading 0 native plugins for Editor in 0.00 ms.
Unloading 2705 Unused Serialized files (Serialized files now loaded: 0)
System memory in use before: 99.9 MB.
System memory in use after: 100.1 MB.

Unloading 9 unused Assets to reduce memory usage. Loaded Objects now: 3176.
Total: 2.986100 ms (FindLiveObjects: 0.304700 ms CreateObjectMapping: 0.134700 ms MarkObjects: 2.528700 ms  DeleteObjects: 0.017000 ms)

AssetImportParameters requested are different than current active one (requested -> active):
  custom:framework-win-MediaFoundation: 216162199b28c13a410421893ffa2e32 -> 
  custom:video-decoder-ogg-theora: a1e56fd34408186e4bbccfd4996cb3dc -> 
  custom:container-muxer-webm: aa71ff27fc2769a1b78a27578f13a17b -> 
  custom:container-demuxer-webm: 4f35f7cbe854078d1ac9338744f61a02 -> 
  custom:container-demuxer-ogg: 62fdf1f143b41e24485cea50d1cbac27 -> 
  custom:video-encoder-webm-vp8: eb34c28f22e8b96e1ab97ce403110664 -> 
  custom:video-decoder-webm-vp8: 9c59270c3fd7afecdb556c50c9e8de78 -> 
  custom:graphics/normal-map-encoding: 01000000000000000000000000000000 -> 02000000000000000000000000000000
  custom:audio-decoder-ogg-vorbis: bf7c407c2cedff20999df2af8eb42d56 -> 
  custom:audio-encoder-webm-vorbis: bf7c407c2cedff20999df2af8eb42d56 -> 
========================================================================
Received Prepare
Refreshing native plugins compatible for Editor in 1.90 ms, found 1 plugins.
Preloading 0 native plugins for Editor in 0.00 ms.
Unloading 7 Unused Serialized files (Serialized files now loaded: 0)
System memory in use before: 46.6 MB.
System memory in use after: 46.9 MB.

Unloading 7 unused Assets to reduce memory usage. Loaded Objects now: 3176.
Total: 3.030400 ms (FindLiveObjects: 0.285200 ms CreateObjectMapping: 0.161000 ms MarkObjects: 2.565200 ms  DeleteObjects: 0.018000 ms)

AssetImportParameters requested are different than current active one (requested -> active):
  custom:framework-win-MediaFoundation: 216162199b28c13a410421893ffa2e32 -> 
  custom:video-decoder-ogg-theora: a1e56fd34408186e4bbccfd4996cb3dc -> 
  custom:container-muxer-webm: aa71ff27fc2769a1b78a27578f13a17b -> 
  custom:container-demuxer-webm: 4f35f7cbe854078d1ac9338744f61a02 -> 
  custom:container-demuxer-ogg: 62fdf1f143b41e24485cea50d1cbac27 -> 
  custom:video-encoder-webm-vp8: eb34c28f22e8b96e1ab97ce403110664 -> 
  custom:video-decoder-webm-vp8: 9c59270c3fd7afecdb556c50c9e8de78 -> 
  custom:audio-decoder-ogg-vorbis: bf7c407c2cedff20999df2af8eb42d56 -> 
  custom:audio-encoder-webm-vorbis: bf7c407c2cedff20999df2af8eb42d56 -> 
========================================================================
Received Prepare
Refreshing native plugins compatible for Editor in 2.78 ms, found 1 plugins.
Preloading 0 native plugins for Editor in 0.00 ms.
Unloading 7 Unused Serialized files (Serialized files now loaded: 0)
System memory in use before: 46.6 MB.
System memory in use after: 46.9 MB.

Unloading 7 unused Assets to reduce memory usage. Loaded Objects now: 3176.
Total: 3.148100 ms (FindLiveObjects: 0.283900 ms CreateObjectMapping: 0.148100 ms MarkObjects: 2.681200 ms  DeleteObjects: 0.034100 ms)

AssetImportParameters requested are different than current active one (requested -> active):
  custom:framework-win-MediaFoundation: 216162199b28c13a410421893ffa2e32 -> 
  custom:video-decoder-ogg-theora: a1e56fd34408186e4bbccfd4996cb3dc -> 
  custom:container-muxer-webm: aa71ff27fc2769a1b78a27578f13a17b -> 
  custom:container-demuxer-webm: 4f35f7cbe854078d1ac9338744f61a02 -> 
  custom:container-demuxer-ogg: 62fdf1f143b41e24485cea50d1cbac27 -> 
  custom:video-encoder-webm-vp8: eb34c28f22e8b96e1ab97ce403110664 -> 
  custom:video-decoder-webm-vp8: 9c59270c3fd7afecdb556c50c9e8de78 -> 
  custom:audio-decoder-ogg-vorbis: bf7c407c2cedff20999df2af8eb42d56 -> 
  custom:audio-encoder-webm-vorbis: bf7c407c2cedff20999df2af8eb42d56 -> 
========================================================================
Received Import Request.
  Time since last request: 528.861582 seconds.
  path: Assets/Fonts/2 Great Fighter Demo SDF.asset
  artifactKey: Guid(11777ca9711bc1941ac317baaf1be4e9) Importer(815301076,1909f56bfc062723c751e8b465ee728b)
Start importing Assets/Fonts/2 Great Fighter Demo SDF.asset using Guid(11777ca9711bc1941ac317baaf1be4e9) Importer(815301076,1909f56bfc062723c751e8b465ee728b)  -> (artifact id: 'd292f72bea7928ad13b8cfc6e4880812') in 0.241815 seconds 
  Import took 0.247972 seconds .

========================================================================
Received Prepare
Registering precompiled user dll's ...
Registered in 0.003913 seconds.
Begin MonoManager ReloadAssembly
Native extension for WindowsStandalone target not found
Refreshing native plugins compatible for Editor in 1.61 ms, found 1 plugins.
Preloading 0 native plugins for Editor in 0.00 ms.
Mono: successfully reloaded assembly
- Completed reload, in  1.650 seconds
Domain Reload Profiling:
	ReloadAssembly (1651ms)
		BeginReloadAssembly (191ms)
			ExecutionOrderSort (0ms)
			DisableScriptedObjects (7ms)
			BackupInstance (0ms)
			ReleaseScriptingObjects (0ms)
			CreateAndSetChildDomain (55ms)
		EndReloadAssembly (1351ms)
			LoadAssemblies (165ms)
			RebuildTransferFunctionScriptingTraits (0ms)
			SetupTypeCache (479ms)
			ReleaseScriptCaches (1ms)
			RebuildScriptCaches (77ms)
			SetupLoadedEditorAssemblies (385ms)
				LogAssemblyErrors (0ms)
				InitializePlatformSupportModulesInManaged (9ms)
				SetLoadedEditorAssemblies (1ms)
				RefreshPlugins (2ms)
				BeforeProcessingInitializeOnLoad (161ms)
				ProcessInitializeOnLoadAttributes (195ms)
				ProcessInitializeOnLoadMethodAttributes (7ms)
				AfterProcessingInitializeOnLoad (11ms)
				EditorAssembliesLoaded (1ms)
			ExecutionOrderSort2 (0ms)
			AwakeInstancesAfterBackupRestoration (11ms)
Platform modules already initialized, skipping
Switching build target platform(19) subTarget(0) extendedPlatform(0) -> platform(13) subTarget(537395200) extendedPlatform(0)
Refreshing native plugins compatible for Editor in 0.77 ms, found 1 plugins.
Preloading 0 native plugins for Editor in 0.00 ms.
Unloading 2705 Unused Serialized files (Serialized files now loaded: 0)
System memory in use before: 103.1 MB.
System memory in use after: 103.3 MB.

Unloading 9 unused Assets to reduce memory usage. Loaded Objects now: 3221.
Total: 4.323500 ms (FindLiveObjects: 0.372300 ms CreateObjectMapping: 0.228400 ms MarkObjects: 3.679700 ms  DeleteObjects: 0.040600 ms)

AssetImportParameters requested are different than current active one (requested -> active):
  custom:framework-win-MediaFoundation: 216162199b28c13a410421893ffa2e32 -> 
  custom:video-decoder-ogg-theora: a1e56fd34408186e4bbccfd4996cb3dc -> 
  custom:container-muxer-webm: aa71ff27fc2769a1b78a27578f13a17b -> 
  custom:container-demuxer-webm: 4f35f7cbe854078d1ac9338744f61a02 -> 
  custom:container-demuxer-ogg: 62fdf1f143b41e24485cea50d1cbac27 -> 
  custom:video-encoder-webm-vp8: eb34c28f22e8b96e1ab97ce403110664 -> 
  custom:video-decoder-webm-vp8: 9c59270c3fd7afecdb556c50c9e8de78 -> 
  custom:graphics/normal-map-encoding: 01000000000000000000000000000000 -> 02000000000000000000000000000000
  custom:audio-decoder-ogg-vorbis: bf7c407c2cedff20999df2af8eb42d56 -> 
  custom:audio-encoder-webm-vorbis: bf7c407c2cedff20999df2af8eb42d56 -> 
========================================================================
Received Prepare
Registering precompiled user dll's ...
Registered in 0.003072 seconds.
Begin MonoManager ReloadAssembly
Native extension for WindowsStandalone target not found
Refreshing native plugins compatible for Editor in 0.65 ms, found 1 plugins.
Preloading 0 native plugins for Editor in 0.00 ms.
Mono: successfully reloaded assembly
- Completed reload, in  1.139 seconds
Domain Reload Profiling:
	ReloadAssembly (1139ms)
		BeginReloadAssembly (123ms)
			ExecutionOrderSort (0ms)
			DisableScriptedObjects (4ms)
			BackupInstance (0ms)
			ReleaseScriptingObjects (0ms)
			CreateAndSetChildDomain (30ms)
		EndReloadAssembly (940ms)
			LoadAssemblies (114ms)
			RebuildTransferFunctionScriptingTraits (0ms)
			SetupTypeCache (332ms)
			ReleaseScriptCaches (2ms)
			RebuildScriptCaches (45ms)
			SetupLoadedEditorAssemblies (292ms)
				LogAssemblyErrors (0ms)
				InitializePlatformSupportModulesInManaged (8ms)
				SetLoadedEditorAssemblies (1ms)
				RefreshPlugins (1ms)
				BeforeProcessingInitializeOnLoad (125ms)
				ProcessInitializeOnLoadAttributes (145ms)
				ProcessInitializeOnLoadMethodAttributes (5ms)
				AfterProcessingInitializeOnLoad (8ms)
				EditorAssembliesLoaded (0ms)
			ExecutionOrderSort2 (0ms)
			AwakeInstancesAfterBackupRestoration (8ms)
Platform modules already initialized, skipping
Switching build target platform(19) subTarget(0) extendedPlatform(0) -> platform(13) subTarget(537395200) extendedPlatform(0)
Refreshing native plugins compatible for Editor in 0.83 ms, found 1 plugins.
Preloading 0 native plugins for Editor in 0.00 ms.
Unloading 2705 Unused Serialized files (Serialized files now loaded: 0)
System memory in use before: 103.1 MB.
System memory in use after: 103.3 MB.

Unloading 9 unused Assets to reduce memory usage. Loaded Objects now: 3224.
Total: 3.665600 ms (FindLiveObjects: 0.282800 ms CreateObjectMapping: 0.140300 ms MarkObjects: 3.177400 ms  DeleteObjects: 0.063800 ms)

AssetImportParameters requested are different than current active one (requested -> active):
  custom:framework-win-MediaFoundation: 216162199b28c13a410421893ffa2e32 -> 
  custom:video-decoder-ogg-theora: a1e56fd34408186e4bbccfd4996cb3dc -> 
  custom:container-muxer-webm: aa71ff27fc2769a1b78a27578f13a17b -> 
  custom:container-demuxer-webm: 4f35f7cbe854078d1ac9338744f61a02 -> 
  custom:container-demuxer-ogg: 62fdf1f143b41e24485cea50d1cbac27 -> 
  custom:video-encoder-webm-vp8: eb34c28f22e8b96e1ab97ce403110664 -> 
  custom:video-decoder-webm-vp8: 9c59270c3fd7afecdb556c50c9e8de78 -> 
  custom:graphics/normal-map-encoding: 01000000000000000000000000000000 -> 02000000000000000000000000000000
  custom:audio-decoder-ogg-vorbis: bf7c407c2cedff20999df2af8eb42d56 -> 
  custom:audio-encoder-webm-vorbis: bf7c407c2cedff20999df2af8eb42d56 -> 
========================================================================
Received Import Request.
  Time since last request: 318.080250 seconds.
  path: Assets/Scenes/STORY NEW GAME.unity
  artifactKey: Guid(297d1d96dac17e042b741e0c5ff6dab4) Importer(815301076,1909f56bfc062723c751e8b465ee728b)
Start importing Assets/Scenes/STORY NEW GAME.unity using Guid(297d1d96dac17e042b741e0c5ff6dab4) Importer(815301076,1909f56bfc062723c751e8b465ee728b)  -> (artifact id: '21f325eb62c6983d4d5fad578dd59f8f') in 0.021373 seconds 
  Import took 0.030562 seconds .

========================================================================
Received Import Request.
  Time since last request: 475.449428 seconds.
  path: Assets/Main Character/Materials
  artifactKey: Guid(b3733c7943837bd41958c880b79311e1) Importer(815301076,1909f56bfc062723c751e8b465ee728b)
Start importing Assets/Main Character/Materials using Guid(b3733c7943837bd41958c880b79311e1) Importer(815301076,1909f56bfc062723c751e8b465ee728b)  -> (artifact id: '75c6a42884fbcbd71248fa98bbe39498') in 0.013508 seconds 
  Import took 0.023729 seconds .

========================================================================
Received Import Request.
  Time since last request: 0.048223 seconds.
  path: Assets/Main Character/Materials/Axe Dwarf Berserker Texture (512).mat
  artifactKey: Guid(97ba4a11abe5ce348b04343e28fcf20f) Importer(815301076,1909f56bfc062723c751e8b465ee728b)
Start importing Assets/Main Character/Materials/Axe Dwarf Berserker Texture (512).mat using Guid(97ba4a11abe5ce348b04343e28fcf20f) Importer(815301076,1909f56bfc062723c751e8b465ee728b)  -> (artifact id: '02e9ea4f1814de628a31cb2f5c45d471') in 0.641860 seconds 
  Import took 0.648796 seconds .

========================================================================
Received Import Request.
  Time since last request: 0.000354 seconds.
  path: Assets/Main Character/Materials/Dwarf Berserker Texture(2048).mat
  artifactKey: Guid(259069b7fcb5087489e4e424fe4043e6) Importer(815301076,1909f56bfc062723c751e8b465ee728b)
Start importing Assets/Main Character/Materials/Dwarf Berserker Texture(2048).mat using Guid(259069b7fcb5087489e4e424fe4043e6) Importer(815301076,1909f56bfc062723c751e8b465ee728b)  -> (artifact id: '26a470bba16881fdfbcc5d45d50c40d0') in 0.072489 seconds 
  Import took 0.077526 seconds .

========================================================================
Received Import Request.
  Time since last request: 0.000302 seconds.
  path: Assets/Main Character/Materials/Hamer Dwarf Master Texture (512).mat
  artifactKey: Guid(e678dab54acc3024d80f403ab38b9b1b) Importer(815301076,1909f56bfc062723c751e8b465ee728b)
Start importing Assets/Main Character/Materials/Hamer Dwarf Master Texture (512).mat using Guid(e678dab54acc3024d80f403ab38b9b1b) Importer(815301076,1909f56bfc062723c751e8b465ee728b)  -> (artifact id: '8426bb91654816212eabd6b2230ecbeb') in 0.078675 seconds 
  Import took 0.083409 seconds .

========================================================================
Received Import Request.
  Time since last request: 0.000364 seconds.
  path: Assets/Main Character/Materials/Dwarf Master Texture (2048).mat
  artifactKey: Guid(19c34471aca42124daf6c104a6c1ea9b) Importer(815301076,1909f56bfc062723c751e8b465ee728b)
Start importing Assets/Main Character/Materials/Dwarf Master Texture (2048).mat using Guid(19c34471aca42124daf6c104a6c1ea9b) Importer(815301076,1909f56bfc062723c751e8b465ee728b)  -> (artifact id: '38865ffe8f9fdfa7a366fe9b53941519') in 0.069467 seconds 
  Import took 0.074510 seconds .

========================================================================
Received Import Request.
  Time since last request: 5.562613 seconds.
  path: Assets/Main Character/Models/DraftFree.controller
  artifactKey: Guid(6f7e0c8ca59a144c2b07fd3e57254a35) Importer(815301076,1909f56bfc062723c751e8b465ee728b)
Start importing Assets/Main Character/Models/DraftFree.controller using Guid(6f7e0c8ca59a144c2b07fd3e57254a35) Importer(815301076,1909f56bfc062723c751e8b465ee728b)  -> (artifact id: '5d9b72caddea89713660075cf7f253b4') in 0.369716 seconds 
  Import took 0.386020 seconds .

========================================================================
Received Import Request.
  Time since last request: 18.033122 seconds.
  path: Assets/Main Character/Prefab
  artifactKey: Guid(4bf39084030c14cfeb8b90680b6d5fde) Importer(815301076,1909f56bfc062723c751e8b465ee728b)
Start importing Assets/Main Character/Prefab using Guid(4bf39084030c14cfeb8b90680b6d5fde) Importer(815301076,1909f56bfc062723c751e8b465ee728b)  -> (artifact id: '38f8f28b57419453099839b192623615') in 0.010922 seconds 
  Import took 0.019391 seconds .

========================================================================
Received Import Request.
  Time since last request: 0.050448 seconds.
  path: Assets/Main Character/Prefab/Dwarf BerserkerM.prefab
  artifactKey: Guid(2bdbc34c6abe44717aca1013ebad4f6e) Importer(815301076,1909f56bfc062723c751e8b465ee728b)
Start importing Assets/Main Character/Prefab/Dwarf BerserkerM.prefab using Guid(2bdbc34c6abe44717aca1013ebad4f6e) Importer(815301076,1909f56bfc062723c751e8b465ee728b)  -> (artifact id: '72f0e737eee02fb222926750e5feed33') in 0.535526 seconds 
  Import took 0.545273 seconds .

========================================================================
Received Import Request.
  Time since last request: 0.000307 seconds.
  path: Assets/Main Character/Prefab/Dwarf MasterM.prefab
  artifactKey: Guid(0c6d87199f687400184146c841adf2bd) Importer(815301076,1909f56bfc062723c751e8b465ee728b)
Start importing Assets/Main Character/Prefab/Dwarf MasterM.prefab using Guid(0c6d87199f687400184146c841adf2bd) Importer(815301076,1909f56bfc062723c751e8b465ee728b)  -> (artifact id: '730229698dfae38694c9916380ae65bc') in 0.360245 seconds 
  Import took 0.369650 seconds .

========================================================================
Received Import Request.
  Time since last request: 2.089669 seconds.
  path: Assets/Main Character/Scene
  artifactKey: Guid(501c63b2ee534444193801e47fba68fd) Importer(815301076,1909f56bfc062723c751e8b465ee728b)
Start importing Assets/Main Character/Scene using Guid(501c63b2ee534444193801e47fba68fd) Importer(815301076,1909f56bfc062723c751e8b465ee728b)  -> (artifact id: '6b46017da744f9e1858b3543c3e6e047') in 0.010064 seconds 
  Import took 0.016743 seconds .

========================================================================
Received Import Request.
  Time since last request: 0.045234 seconds.
  path: Assets/Main Character/Scene/planedraftfree.mat
  artifactKey: Guid(899f2f15e43ad42e5a981d056414a7fb) Importer(815301076,1909f56bfc062723c751e8b465ee728b)
Start importing Assets/Main Character/Scene/planedraftfree.mat using Guid(899f2f15e43ad42e5a981d056414a7fb) Importer(815301076,1909f56bfc062723c751e8b465ee728b)  -> (artifact id: 'c835e78f2986a0cd0bb578ba1c1b7fe6') in 0.148704 seconds 
  Import took 0.154289 seconds .

========================================================================
Received Import Request.
  Time since last request: 2.442702 seconds.
  path: Assets/Main Character/Scene/Script
  artifactKey: Guid(9897ab430866e40c99b9247e630842ed) Importer(815301076,1909f56bfc062723c751e8b465ee728b)
Start importing Assets/Main Character/Scene/Script using Guid(9897ab430866e40c99b9247e630842ed) Importer(815301076,1909f56bfc062723c751e8b465ee728b)  -> (artifact id: '94dd6cd55d16fff8ca34ab10cd5c14ed') in 0.009838 seconds 
  Import took 0.016236 seconds .

========================================================================
Received Import Request.
  Time since last request: 3.254165 seconds.
  path: Assets/Main Character/Textures
  artifactKey: Guid(0233fb8d12638a447bb0ddbf6cfa34b9) Importer(815301076,1909f56bfc062723c751e8b465ee728b)
Start importing Assets/Main Character/Textures using Guid(0233fb8d12638a447bb0ddbf6cfa34b9) Importer(815301076,1909f56bfc062723c751e8b465ee728b)  -> (artifact id: '26d46c4f00e33ae897b16f8a44cc8311') in 0.007079 seconds 
  Import took 0.014991 seconds .

========================================================================
Received Import Request.
  Time since last request: 0.040118 seconds.
  path: Assets/Main Character/Textures/Axe Dwarf Berserker Normal Map.png
  artifactKey: Guid(e504e512a3f54154e9263418a84082eb) Importer(815301076,1909f56bfc062723c751e8b465ee728b)
Start importing Assets/Main Character/Textures/Axe Dwarf Berserker Normal Map.png using Guid(e504e512a3f54154e9263418a84082eb) Importer(815301076,1909f56bfc062723c751e8b465ee728b)  -> (artifact id: '1507a38c13a28f557646b6aacbe3bc86') in 0.030975 seconds 
  Import took 0.037470 seconds .

========================================================================
Received Import Request.
  Time since last request: 0.000331 seconds.
  path: Assets/Main Character/Textures/Axe Dwarf Berserker Texture.png
  artifactKey: Guid(ae44d03ac9ccafa4993c64a5ebd35872) Importer(815301076,1909f56bfc062723c751e8b465ee728b)
Start importing Assets/Main Character/Textures/Axe Dwarf Berserker Texture.png using Guid(ae44d03ac9ccafa4993c64a5ebd35872) Importer(815301076,1909f56bfc062723c751e8b465ee728b)  -> (artifact id: '8cbee708733b68e9bd62b28b26e6022e') in 0.021007 seconds 
  Import took 0.031078 seconds .

========================================================================
Received Import Request.
  Time since last request: 0.000371 seconds.
  path: Assets/Main Character/Textures/Hamer Dwarf Master Texture.png
  artifactKey: Guid(30a9e05ee13a4f549b91200fbefe23d8) Importer(815301076,1909f56bfc062723c751e8b465ee728b)
Start importing Assets/Main Character/Textures/Hamer Dwarf Master Texture.png using Guid(30a9e05ee13a4f549b91200fbefe23d8) Importer(815301076,1909f56bfc062723c751e8b465ee728b)  -> (artifact id: 'f90beac6a283a28a880c0791569b7e06') in 0.020053 seconds 
  Import took 0.029233 seconds .

========================================================================
Received Import Request.
  Time since last request: 0.000280 seconds.
  path: Assets/Main Character/Textures/Dwarf Master Texture.png
  artifactKey: Guid(524df8f70f5fc3c4c959619c8bdc250b) Importer(815301076,1909f56bfc062723c751e8b465ee728b)
Start importing Assets/Main Character/Textures/Dwarf Master Texture.png using Guid(524df8f70f5fc3c4c959619c8bdc250b) Importer(815301076,1909f56bfc062723c751e8b465ee728b)  -> (artifact id: '0738ca85b854be21d41e6cada4e08e93') in 0.038620 seconds 
  Import took 0.043862 seconds .

========================================================================
Received Import Request.
  Time since last request: 0.000323 seconds.
  path: Assets/Main Character/Textures/Dwarf Berserker Nomal Map.png
  artifactKey: Guid(eecb7775ba50d5946a3c10f638a78c5a) Importer(815301076,1909f56bfc062723c751e8b465ee728b)
Start importing Assets/Main Character/Textures/Dwarf Berserker Nomal Map.png using Guid(eecb7775ba50d5946a3c10f638a78c5a) Importer(815301076,1909f56bfc062723c751e8b465ee728b)  -> (artifact id: '5570d2495d5154cd83e34595b649b9e3') in 0.033294 seconds 
  Import took 0.039255 seconds .

========================================================================
Received Import Request.
  Time since last request: 0.000225 seconds.
  path: Assets/Main Character/Textures/Dwarf Master Nomal Map.png
  artifactKey: Guid(0fd5c2b4bd2efee468dc3abf38a09d9a) Importer(815301076,1909f56bfc062723c751e8b465ee728b)
Start importing Assets/Main Character/Textures/Dwarf Master Nomal Map.png using Guid(0fd5c2b4bd2efee468dc3abf38a09d9a) Importer(815301076,1909f56bfc062723c751e8b465ee728b)  -> (artifact id: '976f6a9a3c35b22108aef61344d60a74') in 0.035596 seconds 
  Import took 0.040235 seconds .

========================================================================
Received Import Request.
  Time since last request: 0.000227 seconds.
  path: Assets/Main Character/Textures/Dwarf Berserker Texture.png
  artifactKey: Guid(7cff889737981584bb8dcbdcfec5aa72) Importer(815301076,1909f56bfc062723c751e8b465ee728b)
Start importing Assets/Main Character/Textures/Dwarf Berserker Texture.png using Guid(7cff889737981584bb8dcbdcfec5aa72) Importer(815301076,1909f56bfc062723c751e8b465ee728b)  -> (artifact id: '7fd4a98f63c619b608ebfdd3e79396a9') in 0.034750 seconds 
  Import took 0.041384 seconds .

========================================================================
Received Import Request.
  Time since last request: 0.000288 seconds.
  path: Assets/Main Character/Textures/Hamer Dwarf Master Normal Map.png
  artifactKey: Guid(8b8fb72748421d84f8f2d2f345de5ea1) Importer(815301076,1909f56bfc062723c751e8b465ee728b)
Start importing Assets/Main Character/Textures/Hamer Dwarf Master Normal Map.png using Guid(8b8fb72748421d84f8f2d2f345de5ea1) Importer(815301076,1909f56bfc062723c751e8b465ee728b)  -> (artifact id: 'ef53ab2cc6c32fde57049256fae93871') in 0.019681 seconds 
  Import took 0.025594 seconds .

========================================================================
Received Prepare
Registering precompiled user dll's ...
Registered in 0.003577 seconds.
Begin MonoManager ReloadAssembly
Native extension for WindowsStandalone target not found
Refreshing native plugins compatible for Editor in 0.51 ms, found 1 plugins.
Preloading 0 native plugins for Editor in 0.00 ms.
Mono: successfully reloaded assembly
- Completed reload, in  1.067 seconds
Domain Reload Profiling:
	ReloadAssembly (1068ms)
		BeginReloadAssembly (120ms)
			ExecutionOrderSort (0ms)
			DisableScriptedObjects (4ms)
			BackupInstance (0ms)
			ReleaseScriptingObjects (0ms)
			CreateAndSetChildDomain (31ms)
		EndReloadAssembly (877ms)
			LoadAssemblies (103ms)
			RebuildTransferFunctionScriptingTraits (0ms)
			SetupTypeCache (284ms)
			ReleaseScriptCaches (1ms)
			RebuildScriptCaches (43ms)
			SetupLoadedEditorAssemblies (278ms)
				LogAssemblyErrors (0ms)
				InitializePlatformSupportModulesInManaged (5ms)
				SetLoadedEditorAssemblies (0ms)
				RefreshPlugins (1ms)
				BeforeProcessingInitializeOnLoad (113ms)
				ProcessInitializeOnLoadAttributes (146ms)
				ProcessInitializeOnLoadMethodAttributes (5ms)
				AfterProcessingInitializeOnLoad (8ms)
				EditorAssembliesLoaded (0ms)
			ExecutionOrderSort2 (0ms)
			AwakeInstancesAfterBackupRestoration (9ms)
Platform modules already initialized, skipping
Switching build target platform(19) subTarget(0) extendedPlatform(0) -> platform(13) subTarget(537395200) extendedPlatform(0)
Refreshing native plugins compatible for Editor in 0.73 ms, found 1 plugins.
Preloading 0 native plugins for Editor in 0.00 ms.
Unloading 2705 Unused Serialized files (Serialized files now loaded: 0)
System memory in use before: 116.9 MB.
System memory in use after: 117.1 MB.

Unloading 9 unused Assets to reduce memory usage. Loaded Objects now: 3230.
Total: 2.992100 ms (FindLiveObjects: 0.293200 ms CreateObjectMapping: 0.131600 ms MarkObjects: 2.517800 ms  DeleteObjects: 0.048400 ms)

AssetImportParameters requested are different than current active one (requested -> active):
  custom:framework-win-MediaFoundation: 216162199b28c13a410421893ffa2e32 -> 
  custom:video-decoder-ogg-theora: a1e56fd34408186e4bbccfd4996cb3dc -> 
  custom:container-muxer-webm: aa71ff27fc2769a1b78a27578f13a17b -> 
  custom:container-demuxer-webm: 4f35f7cbe854078d1ac9338744f61a02 -> 
  custom:container-demuxer-ogg: 62fdf1f143b41e24485cea50d1cbac27 -> 
  custom:video-encoder-webm-vp8: eb34c28f22e8b96e1ab97ce403110664 -> 
  custom:video-decoder-webm-vp8: 9c59270c3fd7afecdb556c50c9e8de78 -> 
  custom:graphics/normal-map-encoding: 01000000000000000000000000000000 -> 02000000000000000000000000000000
  custom:audio-decoder-ogg-vorbis: bf7c407c2cedff20999df2af8eb42d56 -> 
  custom:audio-encoder-webm-vorbis: bf7c407c2cedff20999df2af8eb42d56 -> 
========================================================================
Received Import Request.
  Time since last request: 453.321033 seconds.
  path: Assets/Scripts/SceneLoaderNewGame.cs
  artifactKey: Guid(19d80085e1725fb4a88a90572536890e) Importer(815301076,1909f56bfc062723c751e8b465ee728b)
Start importing Assets/Scripts/SceneLoaderNewGame.cs using Guid(19d80085e1725fb4a88a90572536890e) Importer(815301076,1909f56bfc062723c751e8b465ee728b)  -> (artifact id: 'a75fc9a5299d25d1ea1cf7fb3ab4ae26') in 0.022620 seconds 
  Import took 0.029164 seconds .

========================================================================
Received Prepare
Registering precompiled user dll's ...
Registered in 0.002380 seconds.
Begin MonoManager ReloadAssembly
Native extension for WindowsStandalone target not found
Refreshing native plugins compatible for Editor in 0.52 ms, found 1 plugins.
Preloading 0 native plugins for Editor in 0.00 ms.
Mono: successfully reloaded assembly
- Completed reload, in  1.048 seconds
Domain Reload Profiling:
	ReloadAssembly (1048ms)
		BeginReloadAssembly (118ms)
			ExecutionOrderSort (0ms)
			DisableScriptedObjects (6ms)
			BackupInstance (0ms)
			ReleaseScriptingObjects (0ms)
			CreateAndSetChildDomain (29ms)
		EndReloadAssembly (856ms)
			LoadAssemblies (107ms)
			RebuildTransferFunctionScriptingTraits (0ms)
			SetupTypeCache (295ms)
			ReleaseScriptCaches (1ms)
			RebuildScriptCaches (44ms)
			SetupLoadedEditorAssemblies (249ms)
				LogAssemblyErrors (0ms)
				InitializePlatformSupportModulesInManaged (5ms)
				SetLoadedEditorAssemblies (1ms)
				RefreshPlugins (1ms)
				BeforeProcessingInitializeOnLoad (102ms)
				ProcessInitializeOnLoadAttributes (128ms)
				ProcessInitializeOnLoadMethodAttributes (5ms)
				AfterProcessingInitializeOnLoad (7ms)
				EditorAssembliesLoaded (0ms)
			ExecutionOrderSort2 (0ms)
			AwakeInstancesAfterBackupRestoration (7ms)
Platform modules already initialized, skipping
Switching build target platform(19) subTarget(0) extendedPlatform(0) -> platform(13) subTarget(537395200) extendedPlatform(0)
Refreshing native plugins compatible for Editor in 0.52 ms, found 1 plugins.
Preloading 0 native plugins for Editor in 0.00 ms.
Unloading 2705 Unused Serialized files (Serialized files now loaded: 0)
System memory in use before: 116.9 MB.
System memory in use after: 117.1 MB.

Unloading 9 unused Assets to reduce memory usage. Loaded Objects now: 3233.
Total: 3.062800 ms (FindLiveObjects: 0.286900 ms CreateObjectMapping: 0.142800 ms MarkObjects: 2.613300 ms  DeleteObjects: 0.019000 ms)

AssetImportParameters requested are different than current active one (requested -> active):
  custom:framework-win-MediaFoundation: 216162199b28c13a410421893ffa2e32 -> 
  custom:video-decoder-ogg-theora: a1e56fd34408186e4bbccfd4996cb3dc -> 
  custom:container-muxer-webm: aa71ff27fc2769a1b78a27578f13a17b -> 
  custom:container-demuxer-webm: 4f35f7cbe854078d1ac9338744f61a02 -> 
  custom:container-demuxer-ogg: 62fdf1f143b41e24485cea50d1cbac27 -> 
  custom:video-encoder-webm-vp8: eb34c28f22e8b96e1ab97ce403110664 -> 
  custom:video-decoder-webm-vp8: 9c59270c3fd7afecdb556c50c9e8de78 -> 
  custom:graphics/normal-map-encoding: 01000000000000000000000000000000 -> 02000000000000000000000000000000
  custom:audio-decoder-ogg-vorbis: bf7c407c2cedff20999df2af8eb42d56 -> 
  custom:audio-encoder-webm-vorbis: bf7c407c2cedff20999df2af8eb42d56 -> 
========================================================================
Received Prepare
Registering precompiled user dll's ...
Registered in 0.003140 seconds.
Begin MonoManager ReloadAssembly
Native extension for WindowsStandalone target not found
Refreshing native plugins compatible for Editor in 0.53 ms, found 1 plugins.
Preloading 0 native plugins for Editor in 0.00 ms.
Mono: successfully reloaded assembly
- Completed reload, in  1.145 seconds
Domain Reload Profiling:
	ReloadAssembly (1146ms)
		BeginReloadAssembly (124ms)
			ExecutionOrderSort (0ms)
			DisableScriptedObjects (7ms)
			BackupInstance (0ms)
			ReleaseScriptingObjects (0ms)
			CreateAndSetChildDomain (30ms)
		EndReloadAssembly (942ms)
			LoadAssemblies (106ms)
			RebuildTransferFunctionScriptingTraits (0ms)
			SetupTypeCache (302ms)
			ReleaseScriptCaches (1ms)
			RebuildScriptCaches (50ms)
			SetupLoadedEditorAssemblies (282ms)
				LogAssemblyErrors (0ms)
				InitializePlatformSupportModulesInManaged (5ms)
				SetLoadedEditorAssemblies (1ms)
				RefreshPlugins (1ms)
				BeforeProcessingInitializeOnLoad (116ms)
				ProcessInitializeOnLoadAttributes (146ms)
				ProcessInitializeOnLoadMethodAttributes (5ms)
				AfterProcessingInitializeOnLoad (8ms)
				EditorAssembliesLoaded (0ms)
			ExecutionOrderSort2 (0ms)
			AwakeInstancesAfterBackupRestoration (7ms)
Platform modules already initialized, skipping
Switching build target platform(19) subTarget(0) extendedPlatform(0) -> platform(13) subTarget(537395200) extendedPlatform(0)
Refreshing native plugins compatible for Editor in 0.52 ms, found 1 plugins.
Preloading 0 native plugins for Editor in 0.00 ms.
Unloading 2705 Unused Serialized files (Serialized files now loaded: 0)
System memory in use before: 116.9 MB.
System memory in use after: 117.1 MB.

Unloading 9 unused Assets to reduce memory usage. Loaded Objects now: 3236.
Total: 4.801200 ms (FindLiveObjects: 0.542600 ms CreateObjectMapping: 0.456000 ms MarkObjects: 3.776400 ms  DeleteObjects: 0.024300 ms)

AssetImportParameters requested are different than current active one (requested -> active):
  custom:framework-win-MediaFoundation: 216162199b28c13a410421893ffa2e32 -> 
  custom:video-decoder-ogg-theora: a1e56fd34408186e4bbccfd4996cb3dc -> 
  custom:container-muxer-webm: aa71ff27fc2769a1b78a27578f13a17b -> 
  custom:container-demuxer-webm: 4f35f7cbe854078d1ac9338744f61a02 -> 
  custom:container-demuxer-ogg: 62fdf1f143b41e24485cea50d1cbac27 -> 
  custom:video-encoder-webm-vp8: eb34c28f22e8b96e1ab97ce403110664 -> 
  custom:video-decoder-webm-vp8: 9c59270c3fd7afecdb556c50c9e8de78 -> 
  custom:graphics/normal-map-encoding: 01000000000000000000000000000000 -> 02000000000000000000000000000000
  custom:audio-decoder-ogg-vorbis: bf7c407c2cedff20999df2af8eb42d56 -> 
  custom:audio-encoder-webm-vorbis: bf7c407c2cedff20999df2af8eb42d56 -> 
========================================================================
Received Import Request.
  Time since last request: 78.971330 seconds.
  path: Assets/Scripts/SceneLoaderCharacterSelection.cs
  artifactKey: Guid(e547d4a7700ae1b459698224de0c216f) Importer(815301076,1909f56bfc062723c751e8b465ee728b)
Start importing Assets/Scripts/SceneLoaderCharacterSelection.cs using Guid(e547d4a7700ae1b459698224de0c216f) Importer(815301076,1909f56bfc062723c751e8b465ee728b)  -> (artifact id: 'd097134bca894dd1755778ac675e5b56') in 0.013454 seconds 
  Import took 0.024594 seconds .

========================================================================
Received Prepare
Registering precompiled user dll's ...
Registered in 0.002460 seconds.
Begin MonoManager ReloadAssembly
Native extension for WindowsStandalone target not found
Refreshing native plugins compatible for Editor in 0.60 ms, found 1 plugins.
Preloading 0 native plugins for Editor in 0.00 ms.
Mono: successfully reloaded assembly
- Completed reload, in  1.098 seconds
Domain Reload Profiling:
	ReloadAssembly (1099ms)
		BeginReloadAssembly (121ms)
			ExecutionOrderSort (0ms)
			DisableScriptedObjects (5ms)
			BackupInstance (0ms)
			ReleaseScriptingObjects (0ms)
			CreateAndSetChildDomain (28ms)
		EndReloadAssembly (907ms)
			LoadAssemblies (108ms)
			RebuildTransferFunctionScriptingTraits (0ms)
			SetupTypeCache (306ms)
			ReleaseScriptCaches (1ms)
			RebuildScriptCaches (44ms)
			SetupLoadedEditorAssemblies (252ms)
				LogAssemblyErrors (0ms)
				InitializePlatformSupportModulesInManaged (5ms)
				SetLoadedEditorAssemblies (1ms)
				RefreshPlugins (1ms)
				BeforeProcessingInitializeOnLoad (102ms)
				ProcessInitializeOnLoadAttributes (129ms)
				ProcessInitializeOnLoadMethodAttributes (5ms)
				AfterProcessingInitializeOnLoad (9ms)
				EditorAssembliesLoaded (0ms)
			ExecutionOrderSort2 (0ms)
			AwakeInstancesAfterBackupRestoration (7ms)
Platform modules already initialized, skipping
Switching build target platform(19) subTarget(0) extendedPlatform(0) -> platform(13) subTarget(537395200) extendedPlatform(0)
Refreshing native plugins compatible for Editor in 0.71 ms, found 1 plugins.
Preloading 0 native plugins for Editor in 0.00 ms.
Unloading 2705 Unused Serialized files (Serialized files now loaded: 0)
System memory in use before: 116.9 MB.
System memory in use after: 117.1 MB.

Unloading 9 unused Assets to reduce memory usage. Loaded Objects now: 3239.
Total: 3.350700 ms (FindLiveObjects: 0.313100 ms CreateObjectMapping: 0.158600 ms MarkObjects: 2.857300 ms  DeleteObjects: 0.020600 ms)

AssetImportParameters requested are different than current active one (requested -> active):
  custom:framework-win-MediaFoundation: 216162199b28c13a410421893ffa2e32 -> 
  custom:video-decoder-ogg-theora: a1e56fd34408186e4bbccfd4996cb3dc -> 
  custom:container-muxer-webm: aa71ff27fc2769a1b78a27578f13a17b -> 
  custom:container-demuxer-webm: 4f35f7cbe854078d1ac9338744f61a02 -> 
  custom:container-demuxer-ogg: 62fdf1f143b41e24485cea50d1cbac27 -> 
  custom:video-encoder-webm-vp8: eb34c28f22e8b96e1ab97ce403110664 -> 
  custom:video-decoder-webm-vp8: 9c59270c3fd7afecdb556c50c9e8de78 -> 
  custom:graphics/normal-map-encoding: 01000000000000000000000000000000 -> 02000000000000000000000000000000
  custom:audio-decoder-ogg-vorbis: bf7c407c2cedff20999df2af8eb42d56 -> 
  custom:audio-encoder-webm-vorbis: bf7c407c2cedff20999df2af8eb42d56 -> 
========================================================================
Received Prepare
Registering precompiled user dll's ...
Registered in 0.002382 seconds.
Begin MonoManager ReloadAssembly
Native extension for WindowsStandalone target not found
Refreshing native plugins compatible for Editor in 0.60 ms, found 1 plugins.
Preloading 0 native plugins for Editor in 0.00 ms.
Mono: successfully reloaded assembly
- Completed reload, in  1.123 seconds
Domain Reload Profiling:
	ReloadAssembly (1124ms)
		BeginReloadAssembly (135ms)
			ExecutionOrderSort (0ms)
			DisableScriptedObjects (4ms)
			BackupInstance (0ms)
			ReleaseScriptingObjects (0ms)
			CreateAndSetChildDomain (32ms)
		EndReloadAssembly (900ms)
			LoadAssemblies (126ms)
			RebuildTransferFunctionScriptingTraits (0ms)
			SetupTypeCache (270ms)
			ReleaseScriptCaches (1ms)
			RebuildScriptCaches (41ms)
			SetupLoadedEditorAssemblies (284ms)
				LogAssemblyErrors (0ms)
				InitializePlatformSupportModulesInManaged (5ms)
				SetLoadedEditorAssemblies (0ms)
				RefreshPlugins (1ms)
				BeforeProcessingInitializeOnLoad (116ms)
				ProcessInitializeOnLoadAttributes (149ms)
				ProcessInitializeOnLoadMethodAttributes (5ms)
				AfterProcessingInitializeOnLoad (8ms)
				EditorAssembliesLoaded (0ms)
			ExecutionOrderSort2 (0ms)
			AwakeInstancesAfterBackupRestoration (8ms)
Platform modules already initialized, skipping
Switching build target platform(19) subTarget(0) extendedPlatform(0) -> platform(13) subTarget(537395200) extendedPlatform(0)
Refreshing native plugins compatible for Editor in 0.73 ms, found 1 plugins.
Preloading 0 native plugins for Editor in 0.00 ms.
Unloading 2705 Unused Serialized files (Serialized files now loaded: 0)
System memory in use before: 116.9 MB.
System memory in use after: 117.1 MB.

Unloading 9 unused Assets to reduce memory usage. Loaded Objects now: 3242.
Total: 2.812600 ms (FindLiveObjects: 0.279300 ms CreateObjectMapping: 0.120100 ms MarkObjects: 2.363000 ms  DeleteObjects: 0.048800 ms)

AssetImportParameters requested are different than current active one (requested -> active):
  custom:framework-win-MediaFoundation: 216162199b28c13a410421893ffa2e32 -> 
  custom:video-decoder-ogg-theora: a1e56fd34408186e4bbccfd4996cb3dc -> 
  custom:container-muxer-webm: aa71ff27fc2769a1b78a27578f13a17b -> 
  custom:container-demuxer-webm: 4f35f7cbe854078d1ac9338744f61a02 -> 
  custom:container-demuxer-ogg: 62fdf1f143b41e24485cea50d1cbac27 -> 
  custom:video-encoder-webm-vp8: eb34c28f22e8b96e1ab97ce403110664 -> 
  custom:video-decoder-webm-vp8: 9c59270c3fd7afecdb556c50c9e8de78 -> 
  custom:graphics/normal-map-encoding: 01000000000000000000000000000000 -> 02000000000000000000000000000000
  custom:audio-decoder-ogg-vorbis: bf7c407c2cedff20999df2af8eb42d56 -> 
  custom:audio-encoder-webm-vorbis: bf7c407c2cedff20999df2af8eb42d56 -> 
========================================================================
Received Prepare
Registering precompiled user dll's ...
Registered in 0.003589 seconds.
Begin MonoManager ReloadAssembly
Native extension for WindowsStandalone target not found
Refreshing native plugins compatible for Editor in 0.51 ms, found 1 plugins.
Preloading 0 native plugins for Editor in 0.00 ms.
Mono: successfully reloaded assembly
- Completed reload, in  0.997 seconds
Domain Reload Profiling:
	ReloadAssembly (997ms)
		BeginReloadAssembly (118ms)
			ExecutionOrderSort (0ms)
			DisableScriptedObjects (4ms)
			BackupInstance (0ms)
			ReleaseScriptingObjects (0ms)
			CreateAndSetChildDomain (26ms)
		EndReloadAssembly (808ms)
			LoadAssemblies (97ms)
			RebuildTransferFunctionScriptingTraits (0ms)
			SetupTypeCache (260ms)
			ReleaseScriptCaches (1ms)
			RebuildScriptCaches (39ms)
			SetupLoadedEditorAssemblies (226ms)
				LogAssemblyErrors (0ms)
				InitializePlatformSupportModulesInManaged (6ms)
				SetLoadedEditorAssemblies (0ms)
				RefreshPlugins (1ms)
				BeforeProcessingInitializeOnLoad (89ms)
				ProcessInitializeOnLoadAttributes (118ms)
				ProcessInitializeOnLoadMethodAttributes (4ms)
				AfterProcessingInitializeOnLoad (8ms)
				EditorAssembliesLoaded (0ms)
			ExecutionOrderSort2 (0ms)
			AwakeInstancesAfterBackupRestoration (7ms)
Platform modules already initialized, skipping
Switching build target platform(19) subTarget(0) extendedPlatform(0) -> platform(13) subTarget(537395200) extendedPlatform(0)
Refreshing native plugins compatible for Editor in 0.51 ms, found 1 plugins.
Preloading 0 native plugins for Editor in 0.00 ms.
Unloading 2705 Unused Serialized files (Serialized files now loaded: 0)
System memory in use before: 116.9 MB.
System memory in use after: 117.1 MB.

Unloading 9 unused Assets to reduce memory usage. Loaded Objects now: 3245.
Total: 2.940700 ms (FindLiveObjects: 0.317900 ms CreateObjectMapping: 0.136200 ms MarkObjects: 2.469200 ms  DeleteObjects: 0.016600 ms)

AssetImportParameters requested are different than current active one (requested -> active):
  custom:framework-win-MediaFoundation: 216162199b28c13a410421893ffa2e32 -> 
  custom:video-decoder-ogg-theora: a1e56fd34408186e4bbccfd4996cb3dc -> 
  custom:container-muxer-webm: aa71ff27fc2769a1b78a27578f13a17b -> 
  custom:container-demuxer-webm: 4f35f7cbe854078d1ac9338744f61a02 -> 
  custom:container-demuxer-ogg: 62fdf1f143b41e24485cea50d1cbac27 -> 
  custom:video-encoder-webm-vp8: eb34c28f22e8b96e1ab97ce403110664 -> 
  custom:video-decoder-webm-vp8: 9c59270c3fd7afecdb556c50c9e8de78 -> 
  custom:graphics/normal-map-encoding: 01000000000000000000000000000000 -> 02000000000000000000000000000000
  custom:audio-decoder-ogg-vorbis: bf7c407c2cedff20999df2af8eb42d56 -> 
  custom:audio-encoder-webm-vorbis: bf7c407c2cedff20999df2af8eb42d56 -> 
AssetImportWorkerClient::OnTransportError - code=2 error=End of file
